<?xml version="1.0" encoding="UTF-8" ?>
<testsuite errors="2" failures="0" hostname="airfishqi" name="JUnitTest" tests="3" time="6.161" timestamp="2014-01-15T10:48:01">
  <properties>
    <property name="java.vendor" value="Oracle Corporation" />
    <property name="ant.file.NCKU-LOSP-TEAM1" value="/home/airfishqi/programming/NCKU-LOSP-TEAM1/Project/CI_build.xml" />
    <property name="sun.java.launcher" value="SUN_STANDARD" />
    <property name="sun.management.compiler" value="HotSpot 64-Bit Tiered Compilers" />
    <property name="dist" value="/home/airfishqi/programming/NCKU-LOSP-TEAM1/Project/bin" />
    <property name="os.name" value="Linux" />
    <property name="sun.boot.class.path" value="/usr/local/java/jdk1.7.0_45/jre/lib/resources.jar:/usr/local/java/jdk1.7.0_45/jre/lib/rt.jar:/usr/local/java/jdk1.7.0_45/jre/lib/sunrsasign.jar:/usr/local/java/jdk1.7.0_45/jre/lib/jsse.jar:/usr/local/java/jdk1.7.0_45/jre/lib/jce.jar:/usr/local/java/jdk1.7.0_45/jre/lib/charsets.jar:/usr/local/java/jdk1.7.0_45/jre/lib/jfr.jar:/usr/local/java/jdk1.7.0_45/jre/classes" />
    <property name="java.vm.specification.vendor" value="Oracle Corporation" />
    <property name="ant.home" value="/usr/cruisecontrol/apache-ant-1.7.0" />
    <property name="java.runtime.version" value="1.7.0_45-b18" />
    <property name="cctimestamp" value="20140115184756" />
    <property name="label" value="build.3" />
    <property name="cclastgoodbuildtimestamp" value="20140115184115" />
    <property name="user.name" value="root" />
    <property name="projectname" value="NCKU-LOSP-TEAM1" />
    <property name="user.language" value="zh" />
    <property name="build" value="/home/airfishqi/programming/NCKU-LOSP-TEAM1/Project/build" />
    <property name="sun.boot.library.path" value="/usr/local/java/jdk1.7.0_45/jre/lib/amd64" />
    <property name="buildforced" value="false" />
    <property name="ant.project.name" value="NCKU-LOSP-TEAM1" />
    <property name="java.version" value="1.7.0_45" />
    <property name="user.timezone" value="" />
    <property name="lastbuildsuccessful" value="true" />
    <property name="cclastbuildtimestamp" value="20140115184115" />
    <property name="sun.arch.data.model" value="64" />
    <property name="java.endorsed.dirs" value="/usr/local/java/jdk1.7.0_45/jre/lib/endorsed" />
    <property name="sun.cpu.isalist" value="" />
    <property name="sun.jnu.encoding" value="UTF-8" />
    <property name="file.encoding.pkg" value="sun.io" />
    <property name="file.separator" value="/" />
    <property name="java.specification.name" value="Java Platform API Specification" />
    <property name="java.class.version" value="51.0" />
    <property name="src" value="/home/airfishqi/programming/NCKU-LOSP-TEAM1/Project/src" />
    <property name="user.country" value="TW" />
    <property name="java.home" value="/usr/local/java/jdk1.7.0_45/jre" />
    <property name="java.vm.info" value="mixed mode" />
    <property name="ant.file" value="/usr/cruisecontrol/../../home/airfishqi/programming/NCKU-LOSP-TEAM1/Project/CI_build.xml" />
    <property name="os.version" value="3.8.0-33-generic" />
    <property name="path.separator" value=":" />
    <property name="java.vm.version" value="24.45-b08" />
    <property name="ant.library.dir" value="/usr/cruisecontrol/apache-ant-1.7.0/lib" />
    <property name="java.awt.printerjob" value="sun.print.PSPrinterJob" />
    <property name="sun.io.unicode.encoding" value="UnicodeLittle" />
    <property name="awt.toolkit" value="sun.awt.X11.XToolkit" />
    <property name="testresult" value="/home/airfishqi/programming/NCKU-LOSP-TEAM1/Project/junit" />
    <property name="user.home" value="/root" />
    <property name="java.specification.vendor" value="Oracle Corporation" />
    <property name="java.library.path" value="/usr/java/packages/lib/amd64:/usr/lib64:/lib64:/lib:/usr/lib" />
    <property name="java.vendor.url" value="http://java.oracle.com/" />
    <property name="java.vm.vendor" value="Oracle Corporation" />
    <property name="java.runtime.name" value="Java(TM) SE Runtime Environment" />
    <property name="sun.java.command" value="org.apache.tools.ant.launch.Launcher -cp  -logger net.sourceforge.cruisecontrol.builders.AntProgressLogger -listener org.apache.tools.ant.XmlLogger -DXmlLogger.file=log.xml -lib /usr/cruisecontrol/lib/cruisecontrol-antprogresslogger.jar -Dcclastbuildtimestamp=20140115184115 -Dcvstimestamp=2014-01-15 10:47:56 GMT -Dbuildforced=false -Dcclastgoodbuildtimestamp=20140115184115 -Dcctimestamp=20140115184756 -Dlabel=build.3 -Dprojectname=NCKU-LOSP-TEAM1 -Dlastbuildsuccessful=true -buildfile ../../home/airfishqi/programming/NCKU-LOSP-TEAM1/Project/CI_build.xml" />
    <property name="java.class.path" value="/usr/cruisecontrol/apache-ant-1.7.0/lib/ant-launcher.jar:/usr/cruisecontrol/lib/cruisecontrol-antprogresslogger.jar:/usr/cruisecontrol/apache-ant-1.7.0/lib/ant-trax.jar:/usr/cruisecontrol/apache-ant-1.7.0/lib/ant-apache-log4j.jar:/usr/cruisecontrol/apache-ant-1.7.0/lib/ant-apache-bsf.jar:/usr/cruisecontrol/apache-ant-1.7.0/lib/ant-weblogic.jar:/usr/cruisecontrol/apache-ant-1.7.0/lib/ant-netrexx.jar:/usr/cruisecontrol/apache-ant-1.7.0/lib/ant-starteam.jar:/usr/cruisecontrol/apache-ant-1.7.0/lib/ant-jai.jar:/usr/cruisecontrol/apache-ant-1.7.0/lib/ant-jmf.jar:/usr/cruisecontrol/apache-ant-1.7.0/lib/ant-commons-net.jar:/usr/cruisecontrol/apache-ant-1.7.0/lib/ant-nodeps.jar:/usr/cruisecontrol/apache-ant-1.7.0/lib/xercesImpl.jar:/usr/cruisecontrol/apache-ant-1.7.0/lib/ant-jdepend.jar:/usr/cruisecontrol/apache-ant-1.7.0/lib/xml-apis.jar:/usr/cruisecontrol/apache-ant-1.7.0/lib/ant-apache-resolver.jar:/usr/cruisecontrol/apache-ant-1.7.0/lib/junit-4.4.jar:/usr/cruisecontrol/apache-ant-1.7.0/lib/ant-apache-regexp.jar:/usr/cruisecontrol/apache-ant-1.7.0/lib/ant-jsch.jar:/usr/cruisecontrol/apache-ant-1.7.0/lib/ant.jar:/usr/cruisecontrol/apache-ant-1.7.0/lib/ant-testutil.jar:/usr/cruisecontrol/apache-ant-1.7.0/lib/ant-antlr.jar:/usr/cruisecontrol/apache-ant-1.7.0/lib/ant-junit.jar:/usr/cruisecontrol/apache-ant-1.7.0/lib/ant-apache-oro.jar:/usr/cruisecontrol/apache-ant-1.7.0/lib/ant-launcher.jar:/usr/cruisecontrol/apache-ant-1.7.0/lib/ant-javamail.jar:/usr/cruisecontrol/apache-ant-1.7.0/lib/ant-swing.jar:/usr/cruisecontrol/apache-ant-1.7.0/lib/ant-commons-logging.jar:/usr/cruisecontrol/apache-ant-1.7.0/lib/ant-stylebook.jar:/usr/cruisecontrol/apache-ant-1.7.0/lib/ant-apache-bcel.jar:/usr/local/java/jdk1.7.0_45/lib/tools.jar" />
    <property name="ant.version" value="Apache Ant version 1.7.0 compiled on December 13 2006" />
    <property name="java.vm.specification.name" value="Java Virtual Machine Specification" />
    <property name="java.vm.specification.version" value="1.7" />
    <property name="sun.cpu.endian" value="little" />
    <property name="sun.os.patch.level" value="unknown" />
    <property name="java.io.tmpdir" value="/tmp" />
    <property name="java.vendor.url.bug" value="http://bugreport.sun.com/bugreport/" />
    <property name="XmlLogger.file" value="log.xml" />
    <property name="os.arch" value="amd64" />
    <property name="java.awt.graphicsenv" value="sun.awt.X11GraphicsEnvironment" />
    <property name="java.ext.dirs" value="/usr/local/java/jdk1.7.0_45/jre/lib/ext:/usr/java/packages/lib/ext" />
    <property name="cvstimestamp" value="2014-01-15 10:47:56 GMT" />
    <property name="user.dir" value="/usr/cruisecontrol" />
    <property name="line.separator" value="
" />
    <property name="java.vm.name" value="Java HotSpot(TM) 64-Bit Server VM" />
    <property name="basedir" value="/home/airfishqi/programming/NCKU-LOSP-TEAM1/Project" />
    <property name="ant.java.version" value="1.6" />
    <property name="ant.core.lib" value="/usr/cruisecontrol/apache-ant-1.7.0/lib/ant.jar" />
    <property name="file.encoding" value="UTF-8" />
    <property name="testclass" value="/home/airfishqi/programming/NCKU-LOSP-TEAM1/Project/test-classes" />
    <property name="java.specification.version" value="1.7" />
    <property name="t_src" value="/home/airfishqi/programming/NCKU-LOSP-TEAM1/Project/test" />
  </properties>
  <testcase classname="JUnitTest" name="getWebTest" time="2.897" />
  <testcase classname="JUnitTest" name="getDataTest" time="1.65">
    <error message="Index: 0, Size: 0" type="java.lang.IndexOutOfBoundsException">java.lang.IndexOutOfBoundsException: Index: 0, Size: 0
	at java.util.ArrayList.rangeCheck(ArrayList.java:635)
	at java.util.ArrayList.get(ArrayList.java:411)
	at JUnitTest.getDataTest(Unknown Source)
</error>
  </testcase>
  <testcase classname="JUnitTest" name="SortByTimeTest" time="1.442">
    <error message="Index: 0, Size: 0" type="java.lang.IndexOutOfBoundsException">java.lang.IndexOutOfBoundsException: Index: 0, Size: 0
	at java.util.ArrayList.rangeCheck(ArrayList.java:635)
	at java.util.ArrayList.get(ArrayList.java:411)
	at WebPage.sortByTime(Unknown Source)
	at JUnitTest.SortByTimeTest(Unknown Source)
</error>
  </testcase>
  <system-out><![CDATA[@Before setUp
@getWebTest()...
@After tearDown()
@Before setUp
@getDataTest()...
@After tearDown()
@Before setUp
@SortByTimeTest()...
@After tearDown()
]]></system-out>
  <system-err><![CDATA[]]></system-err>
</testsuite>
